<?xml version="1.0" encoding="UTF-8"?>
<testng-results ignored="0" total="1" passed="1" failed="0" skipped="0">
  <reporter-output>
  </reporter-output>
  <suite started-at="2021-07-29T22:31:41 CAT" name="Default suite" finished-at="2021-07-29T22:31:59 CAT" duration-ms="17502">
    <groups>
    </groups>
    <test started-at="2021-07-29T22:31:41 CAT" name="Default test" finished-at="2021-07-29T22:31:59 CAT" duration-ms="17502">
      <class name="Automation.TestAutomation.testing.AppTest">
        <test-method signature="test()[pri:0, instance:Automation.TestAutomation.testing.AppTest@5f683daf]" started-at="2021-07-29T22:31:41 CAT" name="test" finished-at="2021-07-29T22:31:59 CAT" duration-ms="17449" status="PASS">
          <reporter-output>
          </reporter-output>
        </test-method> <!-- test -->
        <test-method is-config="true" signature="tearDown()[pri:0, instance:Automation.TestAutomation.testing.AppTest@5f683daf]" started-at="2021-07-29T22:31:59 CAT" name="tearDown" finished-at="2021-07-29T22:31:59 CAT" duration-ms="1" status="PASS">
          <reporter-output>
          </reporter-output>
        </test-method> <!-- tearDown -->
      </class> <!-- Automation.TestAutomation.testing.AppTest -->
    </test> <!-- Default test -->
  </suite> <!-- Default suite -->
</testng-results>
